
Showing logs for build [32mcb-kubecd-environment-pr-238-2-sptj5-1[0m stage [32mfrom-build-pack[0m and container [32mstep-credential-initializer-m9cqr[0m
{"level":"info","ts":1592567207.274028,"logger":"fallback-logger","caller":"logging/config.go:69","msg":"Fetch GitHub commit ID from kodata failed: open /var/run/ko/refs/heads/0.8.0-ns-support: no such file or directory"}
{"level":"info","ts":1592567207.2748075,"logger":"fallback-logger","caller":"creds-init/main.go:40","msg":"Credentials initialized."}

Showing logs for build [32mcb-kubecd-environment-pr-238-2-sptj5-1[0m stage [32mfrom-build-pack[0m and container [32mstep-working-dir-initializer-tbftg[0m
{"level":"info","ts":1592567208.217832,"logger":"fallback-logger","caller":"logging/config.go:69","msg":"Fetch GitHub commit ID from kodata failed: open /var/run/ko/HEAD: no such file or directory"}
{"level":"info","ts":1592567208.2192793,"logger":"fallback-logger","caller":"bash/main.go:64","msg":"Successfully executed command \"sh -c mkdir -p /workspace/source\"; output "}

Showing logs for build [32mcb-kubecd-environment-pr-238-2-sptj5-1[0m stage [32mfrom-build-pack[0m and container [32mstep-place-tools[0m

Showing logs for build [32mcb-kubecd-environment-pr-238-2-sptj5-1[0m stage [32mfrom-build-pack[0m and container [32mstep-git-source-cb-kubecd-environment-pr-238-2-sptj5-vxcr9[0m
{"level":"info","ts":1592567213.3738635,"logger":"fallback-logger","caller":"logging/config.go:69","msg":"Fetch GitHub commit ID from kodata failed: open /var/run/ko/refs/heads/0.8.0-ns-support: no such file or directory"}
{"level":"info","ts":1592567214.40078,"logger":"fallback-logger","caller":"git/git.go:103","msg":"Successfully cloned https://github.com/cb-kubecd/environment-pr-238-2-boot-vault-gke-staging.git @ master in path /workspace/source"}

Showing logs for build [32mcb-kubecd-environment-pr-238-2-sptj5-1[0m stage [32mfrom-build-pack[0m and container [32mstep-git-merge[0m
Using SHAs from PULL_REFS=master:71d6b8630497b61041b4ed6d2c756dc4bb016948,1:23dccf638bd82ac4f10f1280a87c56143f6a513e
DEBUG: LC_ALL=C JX_LOG_LEVEL=error git fetch origin --unshallow 23dccf638bd82ac4f10f1280a87c56143f6a513e: 71d6b8630497b61041b4ed6d2c756dc4bb016948:
DEBUG: ran git fetch --unshallow origin 23dccf638bd82ac4f10f1280a87c56143f6a513e: 71d6b8630497b61041b4ed6d2c756dc4bb016948: in 
DEBUG: JX_LOG_LEVEL=error LC_ALL=C git branch
DEBUG: LC_ALL=C JX_LOG_LEVEL=error git checkout master
DEBUG: ran git checkout master in 
DEBUG: LC_ALL=C JX_LOG_LEVEL=error git reset --hard 71d6b8630497b61041b4ed6d2c756dc4bb016948
DEBUG: ran git reset --hard 71d6b8630497b61041b4ed6d2c756dc4bb016948 in 
DEBUG: JX_LOG_LEVEL=error LC_ALL=C git clean -fd .
DEBUG: ran clean --force -d . in 
DEBUG: LC_ALL=C JX_LOG_LEVEL=error git merge 23dccf638bd82ac4f10f1280a87c56143f6a513e
DEBUG: ran git merge 23dccf638bd82ac4f10f1280a87c56143f6a513e in 
DEBUG: LC_ALL=C JX_LOG_LEVEL=error git log --format=%H%x1f%an%x1f%ae%x1f%cn%x1f%ce%x1f%s%n%b%x1e 71d6b8630497b61041b4ed6d2c756dc4bb016948..HEAD
Merged SHA 23dccf638bd82ac4f10f1280a87c56143f6a513e with commit message 'chore: Promote bdd-spring-1592566713 to version 0.0.1' into base branch master

Showing logs for build [32mcb-kubecd-environment-pr-238-2-sptj5-1[0m stage [32mfrom-build-pack[0m and container [32mstep-build-helm-build[0m
WARNING: No $CHART_REPOSITORY defined so using the default value of: http://jenkins-x-chartmuseum:8080
Adding missing Helm repo: storage.googleapis.com https://storage.googleapis.com/chartmuseum.jenkins-x.io
WARNING: No secrets found on "helm/repos" due: reading the secret "helm/repos" from vault: no secret "helm/repos" not found in vault
Read credentials for https://storage.googleapis.com/chartmuseum.jenkins-x.io from vault helm/repos
Successfully added Helm repository storage.googleapis.com.
Adding missing Helm repo: jenkins-x-chartmuseum http://jenkins-x-chartmuseum:8080
WARNING: No secrets found on "helm/repos" due: reading the secret "helm/repos" from vault: no secret "helm/repos" not found in vault
Read credentials for http://jenkins-x-chartmuseum:8080 from vault helm/repos
Successfully added Helm repository jenkins-x-chartmuseum.
WARNING: No $CHART_REPOSITORY defined so using the default value of: http://jenkins-x-chartmuseum:8080
Adding missing Helm repo: chartmuseum.jenkins-x.io http://chartmuseum.jenkins-x.io
WARNING: No secrets found on "helm/repos" due: reading the secret "helm/repos" from vault: no secret "helm/repos" not found in vault
Read credentials for http://chartmuseum.jenkins-x.io from vault helm/repos
Successfully added Helm repository chartmuseum.jenkins-x.io.
