
Showing logs for build [32mcb-kubecd-environment-pr-238-2-qvzbg-1[0m stage [32mfrom-build-pack[0m and container [32mstep-credential-initializer-hlz79[0m
{"level":"info","ts":1592568826.2855632,"logger":"fallback-logger","caller":"logging/config.go:69","msg":"Fetch GitHub commit ID from kodata failed: open /var/run/ko/refs/heads/0.8.0-ns-support: no such file or directory"}
{"level":"info","ts":1592568826.286318,"logger":"fallback-logger","caller":"creds-init/main.go:40","msg":"Credentials initialized."}

Showing logs for build [32mcb-kubecd-environment-pr-238-2-qvzbg-1[0m stage [32mfrom-build-pack[0m and container [32mstep-working-dir-initializer-27h6g[0m
{"level":"info","ts":1592568826.6577957,"logger":"fallback-logger","caller":"logging/config.go:69","msg":"Fetch GitHub commit ID from kodata failed: open /var/run/ko/HEAD: no such file or directory"}
{"level":"info","ts":1592568826.6599762,"logger":"fallback-logger","caller":"bash/main.go:64","msg":"Successfully executed command \"sh -c mkdir -p /workspace/source\"; output "}

Showing logs for build [32mcb-kubecd-environment-pr-238-2-qvzbg-1[0m stage [32mfrom-build-pack[0m and container [32mstep-place-tools[0m

Showing logs for build [32mcb-kubecd-environment-pr-238-2-qvzbg-1[0m stage [32mfrom-build-pack[0m and container [32mstep-git-source-cb-kubecd-environment-pr-238-2-qvzbg-vqm7b[0m
{"level":"info","ts":1592568853.7388175,"logger":"fallback-logger","caller":"logging/config.go:69","msg":"Fetch GitHub commit ID from kodata failed: open /var/run/ko/refs/heads/0.8.0-ns-support: no such file or directory"}
{"level":"info","ts":1592568854.8427377,"logger":"fallback-logger","caller":"git/git.go:103","msg":"Successfully cloned https://github.com/cb-kubecd/environment-pr-238-2-boot-vault-gke-staging.git @ master in path /workspace/source"}

Showing logs for build [32mcb-kubecd-environment-pr-238-2-qvzbg-1[0m stage [32mfrom-build-pack[0m and container [32mstep-git-merge[0m
Using SHAs from PULL_REFS=master:5baf571364b1138de0ca2f165c6436265fc67e8f,2:a56861ed812c6266cc990a0f74ac3090b3403337
DEBUG: LC_ALL=C JX_LOG_LEVEL=error git fetch origin --unshallow a56861ed812c6266cc990a0f74ac3090b3403337: 5baf571364b1138de0ca2f165c6436265fc67e8f:
DEBUG: ran git fetch --unshallow origin a56861ed812c6266cc990a0f74ac3090b3403337: 5baf571364b1138de0ca2f165c6436265fc67e8f: in 
DEBUG: LC_ALL=C JX_LOG_LEVEL=error git branch
DEBUG: LC_ALL=C JX_LOG_LEVEL=error git checkout master
DEBUG: ran git checkout master in 
DEBUG: LC_ALL=C JX_LOG_LEVEL=error git reset --hard 5baf571364b1138de0ca2f165c6436265fc67e8f
DEBUG: ran git reset --hard 5baf571364b1138de0ca2f165c6436265fc67e8f in 
DEBUG: LC_ALL=C JX_LOG_LEVEL=error git clean -fd .
DEBUG: ran clean --force -d . in 
DEBUG: LC_ALL=C JX_LOG_LEVEL=error git merge a56861ed812c6266cc990a0f74ac3090b3403337
DEBUG: ran git merge a56861ed812c6266cc990a0f74ac3090b3403337 in 
DEBUG: LC_ALL=C JX_LOG_LEVEL=error git log --format=%H%x1f%an%x1f%ae%x1f%cn%x1f%ce%x1f%s%n%b%x1e 5baf571364b1138de0ca2f165c6436265fc67e8f..HEAD
Merged SHA a56861ed812c6266cc990a0f74ac3090b3403337 with commit message 'chore: Promote bdd-sbhg-1592568509 to version 0.0.1' into base branch master

Showing logs for build [32mcb-kubecd-environment-pr-238-2-qvzbg-1[0m stage [32mfrom-build-pack[0m and container [32mstep-build-helm-build[0m
WARNING: No $CHART_REPOSITORY defined so using the default value of: http://jenkins-x-chartmuseum:8080
Adding missing Helm repo: storage.googleapis.com https://storage.googleapis.com/chartmuseum.jenkins-x.io
WARNING: No secrets found on "helm/repos" due: reading the secret "helm/repos" from vault: no secret "helm/repos" not found in vault
Read credentials for https://storage.googleapis.com/chartmuseum.jenkins-x.io from vault helm/repos
Successfully added Helm repository storage.googleapis.com.
Adding missing Helm repo: jenkins-x-chartmuseum http://jenkins-x-chartmuseum:8080
WARNING: No secrets found on "helm/repos" due: reading the secret "helm/repos" from vault: no secret "helm/repos" not found in vault
Read credentials for http://jenkins-x-chartmuseum:8080 from vault helm/repos
Successfully added Helm repository jenkins-x-chartmuseum.
WARNING: No $CHART_REPOSITORY defined so using the default value of: http://jenkins-x-chartmuseum:8080
Adding missing Helm repo: chartmuseum.jenkins-x.io http://chartmuseum.jenkins-x.io
WARNING: No secrets found on "helm/repos" due: reading the secret "helm/repos" from vault: no secret "helm/repos" not found in vault
Read credentials for http://chartmuseum.jenkins-x.io from vault helm/repos
Successfully added Helm repository chartmuseum.jenkins-x.io.
